<?xml version="1.0" encoding="UTF-8"?>
<!-- Generated by org.testng.reporters.JUnitXMLReporter -->
<testsuite ignored="5" hostname="DESKTOP-PKNTS47" failures="0" tests="1" name="Default test" time="38.746" errors="0" timestamp="2024-08-11T17:33:27 IST">
  <testcase classname="testscript.Assertion" name="assertNotEquals" time="3.459"/>
  <testcase classname="testscript.Assertion" name="assertNull" time="0.0">
    <ignored/>
  </testcase> <!-- assertNull -->
  <testcase classname="testscript.Assertion" name="assetEqualTest" time="0.0">
    <ignored/>
  </testcase> <!-- assetEqualTest -->
  <testcase classname="testscript.Assertion" name="assertFalseTest" time="0.0">
    <ignored/>
  </testcase> <!-- assertFalseTest -->
  <testcase classname="testscript.Assertion" name="assertTrueTest" time="0.0">
    <ignored/>
  </testcase> <!-- assertTrueTest -->
  <testcase classname="testscript.Assertion" name="assertNotNullTest" time="0.0">
    <ignored/>
  </testcase> <!-- assertNotNullTest -->
</testsuite> <!-- Default test -->
