<?xml version="1.0" encoding="UTF-8"?>
<testng-results ignored="5" total="6" passed="1" failed="0" skipped="0">
  <reporter-output>
  </reporter-output>
  <suite started-at="2024-08-11T17:32:48 IST" name="Default suite" finished-at="2024-08-11T17:33:27 IST" duration-ms="38746">
    <groups>
    </groups>
    <test started-at="2024-08-11T17:32:48 IST" name="Default test" finished-at="2024-08-11T17:33:27 IST" duration-ms="38746">
      <class name="testscript.Assertion">
        <test-method is-config="true" signature="intialBrowser()[pri:0, instance:testscript.Assertion@2f7298b]" started-at="2024-08-11T17:32:48 IST" name="intialBrowser" finished-at="2024-08-11T17:33:24 IST" duration-ms="35211" status="PASS">
          <reporter-output>
          </reporter-output>
        </test-method> <!-- intialBrowser -->
        <test-method signature="assertNotEquals()[pri:0, instance:testscript.Assertion@2f7298b]" started-at="2024-08-11T17:33:24 IST" name="assertNotEquals" finished-at="2024-08-11T17:33:27 IST" duration-ms="3459" status="PASS">
          <reporter-output>
          </reporter-output>
        </test-method> <!-- assertNotEquals -->
        <test-method is-config="true" signature="driverQuitAndClose()[pri:0, instance:testscript.Assertion@2f7298b]" started-at="2024-08-11T17:33:27 IST" name="driverQuitAndClose" finished-at="2024-08-11T17:33:27 IST" duration-ms="0" status="PASS">
          <reporter-output>
          </reporter-output>
        </test-method> <!-- driverQuitAndClose -->
      </class> <!-- testscript.Assertion -->
    </test> <!-- Default test -->
  </suite> <!-- Default suite -->
</testng-results>
